<?xml version="1.0" encoding="UTF-8"?>
<testsuite xmlns:xsi="http://www.w3.org/2001/XMLSchema-instance" xsi:noNamespaceSchemaLocation="https://maven.apache.org/surefire/maven-surefire-plugin/xsd/surefire-test-report-3.0.xsd" version="3.0" name="com.example.tasklistapp.Controller.TaskControllerTest" time="0.319" tests="13" errors="0" skipped="0" failures="0">
  <properties>
[...]
</properties>
  <testcase name="testUpdateNonExistentTask" classname="com.example.tasklistapp.Controller.TaskControllerTest" time="0.08">
    <system-out><![CDATA[2025-10-30T16:33:18.955+01:00  INFO 23452 --- [           main] t.c.s.AnnotationConfigContextLoaderUtils : Could not detect default configuration classes for test class [com.example.tasklistapp.Controller.TaskControllerTest]: TaskControllerTest does not declare any static, non-private, non-final, nested classes annotated with @Configuration.
2025-10-30T16:33:18.955+01:00  INFO 23452 --- [           main] .b.t.c.SpringBootTestContextBootstrapper : Found @SpringBootConfiguration com.example.tasklistapp.TaskListAppApplication for test class com.example.tasklistapp.Controller.TaskControllerTest
Hibernate: select t1_0.id,t1_0.created_at,t1_0.long_description,t1_0.short_description,t1_0.status,t1_0.updated_at,t1_0.user_id from tasks t1_0
Hibernate: select t1_0.id,t1_0.created_at,t1_0.long_description,t1_0.short_description,t1_0.status,t1_0.updated_at,t1_0.user_id from tasks t1_0 where t1_0.id=?
Hibernate: insert into my_app_user (email,is_verified,password,reset_token,username,id) values (?,?,?,?,?,?)
Hibernate: insert into tasks (created_at,long_description,short_description,status,updated_at,user_id,id) values (?,?,?,?,?,?,?)
Hibernate: select mau1_0.id,mau1_0.email,mau1_0.is_verified,mau1_0.password,mau1_0.reset_token,mau1_0.username from my_app_user mau1_0 where mau1_0.username=?
Hibernate: select t1_0.id,t1_0.created_at,t1_0.long_description,t1_0.short_description,t1_0.status,t1_0.updated_at,t1_0.user_id from tasks t1_0 where t1_0.id=?
2025-10-30T16:33:19.035+01:00 ERROR 23452 --- [           main] c.e.t.exception.GlobalExceptionHandler   : Resource not found: Task not found with id: 'nonexistent'
]]></system-out>
  </testcase>
  <testcase name="testGetAllTasks" classname="com.example.tasklistapp.Controller.TaskControllerTest" time="0.064">
    <system-out><![CDATA[Hibernate: select t1_0.id,t1_0.created_at,t1_0.long_description,t1_0.short_description,t1_0.status,t1_0.updated_at,t1_0.user_id from tasks t1_0
Hibernate: select t1_0.id,t1_0.created_at,t1_0.long_description,t1_0.short_description,t1_0.status,t1_0.updated_at,t1_0.user_id from tasks t1_0 where t1_0.id=?
Hibernate: insert into my_app_user (email,is_verified,password,reset_token,username,id) values (?,?,?,?,?,?)
Hibernate: insert into tasks (created_at,long_description,short_description,status,updated_at,user_id,id) values (?,?,?,?,?,?,?)
Hibernate: select mau1_0.id,mau1_0.email,mau1_0.is_verified,mau1_0.password,mau1_0.reset_token,mau1_0.username from my_app_user mau1_0 where mau1_0.username=?
Hibernate: select t1_0.id,t1_0.created_at,t1_0.long_description,t1_0.short_description,t1_0.status,t1_0.updated_at,t1_0.user_id from tasks t1_0 where t1_0.user_id=? order by t1_0.created_at desc
]]></system-out>
  </testcase>
  <testcase name="testUpdateTask" classname="com.example.tasklistapp.Controller.TaskControllerTest" time="0.015">
    <system-out><![CDATA[Hibernate: select t1_0.id,t1_0.created_at,t1_0.long_description,t1_0.short_description,t1_0.status,t1_0.updated_at,t1_0.user_id from tasks t1_0
Hibernate: select t1_0.id,t1_0.created_at,t1_0.long_description,t1_0.short_description,t1_0.status,t1_0.updated_at,t1_0.user_id from tasks t1_0 where t1_0.id=?
Hibernate: insert into my_app_user (email,is_verified,password,reset_token,username,id) values (?,?,?,?,?,?)
Hibernate: insert into tasks (created_at,long_description,short_description,status,updated_at,user_id,id) values (?,?,?,?,?,?,?)
Hibernate: select mau1_0.id,mau1_0.email,mau1_0.is_verified,mau1_0.password,mau1_0.reset_token,mau1_0.username from my_app_user mau1_0 where mau1_0.username=?
]]></system-out>
  </testcase>
  <testcase name="testCreateTaskWithLongDescription" classname="com.example.tasklistapp.Controller.TaskControllerTest" time="0.002">
    <system-out><![CDATA[Hibernate: select t1_0.id,t1_0.created_at,t1_0.long_description,t1_0.short_description,t1_0.status,t1_0.updated_at,t1_0.user_id from tasks t1_0
Hibernate: select t1_0.id,t1_0.created_at,t1_0.long_description,t1_0.short_description,t1_0.status,t1_0.updated_at,t1_0.user_id from tasks t1_0 where t1_0.id=?
Hibernate: insert into my_app_user (email,is_verified,password,reset_token,username,id) values (?,?,?,?,?,?)
Hibernate: insert into tasks (created_at,long_description,short_description,status,updated_at,user_id,id) values (?,?,?,?,?,?,?)
Hibernate: select mau1_0.id,mau1_0.email,mau1_0.is_verified,mau1_0.password,mau1_0.reset_token,mau1_0.username from my_app_user mau1_0 where mau1_0.username=?
Hibernate: select t1_0.id,t1_0.created_at,t1_0.long_description,t1_0.short_description,t1_0.status,t1_0.updated_at,t1_0.user_id from tasks t1_0 where t1_0.id=?
]]></system-out>
  </testcase>
  <testcase name="testGetNonExistentTask" classname="com.example.tasklistapp.Controller.TaskControllerTest" time="0.0">
    <system-out><![CDATA[Hibernate: select t1_0.id,t1_0.created_at,t1_0.long_description,t1_0.short_description,t1_0.status,t1_0.updated_at,t1_0.user_id from tasks t1_0
Hibernate: select t1_0.id,t1_0.created_at,t1_0.long_description,t1_0.short_description,t1_0.status,t1_0.updated_at,t1_0.user_id from tasks t1_0 where t1_0.id=?
Hibernate: insert into my_app_user (email,is_verified,password,reset_token,username,id) values (?,?,?,?,?,?)
Hibernate: insert into tasks (created_at,long_description,short_description,status,updated_at,user_id,id) values (?,?,?,?,?,?,?)
Hibernate: select mau1_0.id,mau1_0.email,mau1_0.is_verified,mau1_0.password,mau1_0.reset_token,mau1_0.username from my_app_user mau1_0 where mau1_0.username=?
Hibernate: select t1_0.id,t1_0.created_at,t1_0.long_description,t1_0.short_description,t1_0.status,t1_0.updated_at,t1_0.user_id from tasks t1_0 where t1_0.id=?
2025-10-30T16:33:19.131+01:00 ERROR 23452 --- [           main] c.e.t.exception.GlobalExceptionHandler   : Resource not found: Task not found with id: 'nonexistent'
]]></system-out>
  </testcase>
  <testcase name="testUpdateTaskStatusToDone" classname="com.example.tasklistapp.Controller.TaskControllerTest" time="0.016">
    <system-out><![CDATA[Hibernate: select t1_0.id,t1_0.created_at,t1_0.long_description,t1_0.short_description,t1_0.status,t1_0.updated_at,t1_0.user_id from tasks t1_0
Hibernate: select t1_0.id,t1_0.created_at,t1_0.long_description,t1_0.short_description,t1_0.status,t1_0.updated_at,t1_0.user_id from tasks t1_0 where t1_0.id=?
Hibernate: insert into my_app_user (email,is_verified,password,reset_token,username,id) values (?,?,?,?,?,?)
Hibernate: insert into tasks (created_at,long_description,short_description,status,updated_at,user_id,id) values (?,?,?,?,?,?,?)
Hibernate: select mau1_0.id,mau1_0.email,mau1_0.is_verified,mau1_0.password,mau1_0.reset_token,mau1_0.username from my_app_user mau1_0 where mau1_0.username=?
]]></system-out>
  </testcase>
  <testcase name="testCreateTask" classname="com.example.tasklistapp.Controller.TaskControllerTest" time="0.0">
    <system-out><![CDATA[Hibernate: select t1_0.id,t1_0.created_at,t1_0.long_description,t1_0.short_description,t1_0.status,t1_0.updated_at,t1_0.user_id from tasks t1_0
Hibernate: select t1_0.id,t1_0.created_at,t1_0.long_description,t1_0.short_description,t1_0.status,t1_0.updated_at,t1_0.user_id from tasks t1_0 where t1_0.id=?
Hibernate: insert into my_app_user (email,is_verified,password,reset_token,username,id) values (?,?,?,?,?,?)
Hibernate: insert into tasks (created_at,long_description,short_description,status,updated_at,user_id,id) values (?,?,?,?,?,?,?)
Hibernate: select mau1_0.id,mau1_0.email,mau1_0.is_verified,mau1_0.password,mau1_0.reset_token,mau1_0.username from my_app_user mau1_0 where mau1_0.username=?
Hibernate: select t1_0.id,t1_0.created_at,t1_0.long_description,t1_0.short_description,t1_0.status,t1_0.updated_at,t1_0.user_id from tasks t1_0 where t1_0.id=?
]]></system-out>
  </testcase>
  <testcase name="testGetTaskById" classname="com.example.tasklistapp.Controller.TaskControllerTest" time="0.016">
    <system-out><![CDATA[Hibernate: select t1_0.id,t1_0.created_at,t1_0.long_description,t1_0.short_description,t1_0.status,t1_0.updated_at,t1_0.user_id from tasks t1_0
Hibernate: select t1_0.id,t1_0.created_at,t1_0.long_description,t1_0.short_description,t1_0.status,t1_0.updated_at,t1_0.user_id from tasks t1_0 where t1_0.id=?
Hibernate: insert into my_app_user (email,is_verified,password,reset_token,username,id) values (?,?,?,?,?,?)
Hibernate: insert into tasks (created_at,long_description,short_description,status,updated_at,user_id,id) values (?,?,?,?,?,?,?)
Hibernate: select mau1_0.id,mau1_0.email,mau1_0.is_verified,mau1_0.password,mau1_0.reset_token,mau1_0.username from my_app_user mau1_0 where mau1_0.username=?
]]></system-out>
  </testcase>
  <testcase name="testDeleteTask" classname="com.example.tasklistapp.Controller.TaskControllerTest" time="0.048">
    <system-out><![CDATA[Hibernate: select t1_0.id,t1_0.created_at,t1_0.long_description,t1_0.short_description,t1_0.status,t1_0.updated_at,t1_0.user_id from tasks t1_0
Hibernate: select t1_0.id,t1_0.created_at,t1_0.long_description,t1_0.short_description,t1_0.status,t1_0.updated_at,t1_0.user_id from tasks t1_0 where t1_0.id=?
Hibernate: insert into my_app_user (email,is_verified,password,reset_token,username,id) values (?,?,?,?,?,?)
Hibernate: insert into tasks (created_at,long_description,short_description,status,updated_at,user_id,id) values (?,?,?,?,?,?,?)
Hibernate: select mau1_0.id,mau1_0.email,mau1_0.is_verified,mau1_0.password,mau1_0.reset_token,mau1_0.username from my_app_user mau1_0 where mau1_0.username=?
]]></system-out>
  </testcase>
  <testcase name="testUpdateTaskStatusToInProgress" classname="com.example.tasklistapp.Controller.TaskControllerTest" time="0.0">
    <system-out><![CDATA[Hibernate: select t1_0.id,t1_0.created_at,t1_0.long_description,t1_0.short_description,t1_0.status,t1_0.updated_at,t1_0.user_id from tasks t1_0
Hibernate: select t1_0.id,t1_0.created_at,t1_0.long_description,t1_0.short_description,t1_0.status,t1_0.updated_at,t1_0.user_id from tasks t1_0 where t1_0.id=?
Hibernate: insert into my_app_user (email,is_verified,password,reset_token,username,id) values (?,?,?,?,?,?)
Hibernate: insert into tasks (created_at,long_description,short_description,status,updated_at,user_id,id) values (?,?,?,?,?,?,?)
Hibernate: select mau1_0.id,mau1_0.email,mau1_0.is_verified,mau1_0.password,mau1_0.reset_token,mau1_0.username from my_app_user mau1_0 where mau1_0.username=?
]]></system-out>
  </testcase>
  <testcase name="testDeleteNonExistentTask" classname="com.example.tasklistapp.Controller.TaskControllerTest" time="0.016">
    <system-out><![CDATA[Hibernate: select t1_0.id,t1_0.created_at,t1_0.long_description,t1_0.short_description,t1_0.status,t1_0.updated_at,t1_0.user_id from tasks t1_0
Hibernate: select t1_0.id,t1_0.created_at,t1_0.long_description,t1_0.short_description,t1_0.status,t1_0.updated_at,t1_0.user_id from tasks t1_0 where t1_0.id=?
Hibernate: insert into my_app_user (email,is_verified,password,reset_token,username,id) values (?,?,?,?,?,?)
Hibernate: insert into tasks (created_at,long_description,short_description,status,updated_at,user_id,id) values (?,?,?,?,?,?,?)
Hibernate: select mau1_0.id,mau1_0.email,mau1_0.is_verified,mau1_0.password,mau1_0.reset_token,mau1_0.username from my_app_user mau1_0 where mau1_0.username=?
Hibernate: select t1_0.id,t1_0.created_at,t1_0.long_description,t1_0.short_description,t1_0.status,t1_0.updated_at,t1_0.user_id from tasks t1_0 where t1_0.id=?
2025-10-30T16:33:19.243+01:00 ERROR 23452 --- [           main] c.e.t.exception.GlobalExceptionHandler   : Resource not found: Task not found with id: 'nonexistent'
]]></system-out>
  </testcase>
  <testcase name="testUnauthorizedAccess" classname="com.example.tasklistapp.Controller.TaskControllerTest" time="0.016">
    <system-out><![CDATA[Hibernate: select t1_0.id,t1_0.created_at,t1_0.long_description,t1_0.short_description,t1_0.status,t1_0.updated_at,t1_0.user_id from tasks t1_0
Hibernate: select t1_0.id,t1_0.created_at,t1_0.long_description,t1_0.short_description,t1_0.status,t1_0.updated_at,t1_0.user_id from tasks t1_0 where t1_0.id=?
]]></system-out>
  </testcase>
  <testcase name="testAccessOtherUserTask" classname="com.example.tasklistapp.Controller.TaskControllerTest" time="0.015">
    <system-out><![CDATA[Hibernate: select t1_0.id,t1_0.created_at,t1_0.long_description,t1_0.short_description,t1_0.status,t1_0.updated_at,t1_0.user_id from tasks t1_0
Hibernate: select t1_0.id,t1_0.created_at,t1_0.long_description,t1_0.short_description,t1_0.status,t1_0.updated_at,t1_0.user_id from tasks t1_0 where t1_0.id=?
Hibernate: insert into my_app_user (email,is_verified,password,reset_token,username,id) values (?,?,?,?,?,?)
Hibernate: insert into tasks (created_at,long_description,short_description,status,updated_at,user_id,id) values (?,?,?,?,?,?,?)
Hibernate: insert into my_app_user (email,is_verified,password,reset_token,username,id) values (?,?,?,?,?,?)
Hibernate: select mau1_0.id,mau1_0.email,mau1_0.is_verified,mau1_0.password,mau1_0.reset_token,mau1_0.username from my_app_user mau1_0 where mau1_0.username=?
2025-10-30T16:33:19.274+01:00 ERROR 23452 --- [           main] c.e.t.exception.GlobalExceptionHandler   : Unauthorized access: You are not authorized to access this task
]]></system-out>
  </testcase>
</testsuite>